
[2026-05-23T02:04:55Z] SHEPHERD RUN — FAILED
Reason: A800 (117.74.66.181:50507) unreachable — TCP connection timed out after 10s.
Actions taken: none (cannot reach host).
Checked: sshpass installed, ssh installed (1:9.6p1-3ubuntu13), nc confirms port closed/filtered.
Next step: manual check of A800 network/firewall; retry at next shepherd invocation.

[2026-05-23T04:07:08Z] SHEPHERD RUN — FAILED
Reason: A800 (117.74.66.181:50507) unreachable — TCP connection timed out on both raw socket (Python/paramiko) and sshpass attempts. ssh binary not present in container PATH; paramiko installed and attempted directly; all network probes timed out. This is the 2nd consecutive failure (~2h apart).
Actions taken: none (cannot reach host; per protocol, write failure and exit).
Concerns: two consecutive shepherd failures means ~4 hours of unmonitored research pipeline. If A800 is up but this container has no outbound route to the host, manual intervention is needed to verify firewall/VPN/network policy for this cloud execution environment.
Next step: manual check of A800 network reachability from cloud environment; verify host is online; retry at next shepherd invocation.

[2026-05-23T16:05:37Z] SHEPHERD RUN — FAILED
Reason: A800 (117.74.66.181:50507) unreachable — SSH connection timed out.
  This is a persistent failure; outbound TCP to port 50507 from this cloud execution
  environment is blocked or the A800 host is down. Multiple shepherd runs have failed
  since at least 2026-05-14 (9+ days). Steps A/B/C/D/E all skipped (no state readable).
Actions taken: none.
Escalation: 9+ consecutive days of failed shepherd runs. Auto-research pipeline is
  unmonitored. Manual intervention required: verify A800 uptime and either (a) restore
  outbound SSH from this environment, (b) move the shepherd cron to A800-local cron,
  or (c) use an SSH jump host / reverse tunnel.
[2026-05-24T00:07:56Z] SHEPHERD RUN FAILED: A800 (117.74.66.181:50507) is TCP-unreachable (connection timed out after 10s). No state read, no actions taken. This run: FAILED. Next shepherd should retry; if persistent, check A800 power/network.

[2026-05-24T02:04:45Z] SHEPHERD RUN — FAILED
Reason: A800 (117.74.66.181:50507) unreachable — TCP connection timed out (10s probe).
  ssh binary absent in container PATH; paramiko installed and attempted; all network
  probes (port 50507, 22, 2222) timed out. This is a persistent, recurring failure
  spanning multiple shepherd runs (9+ consecutive days as of 2026-05-23).
  Steps A/B/C/D/E all skipped — no state readable.
Actions taken: none (per protocol: unreachable host → log failure and exit).
Escalation: ONGOING. Pipeline is unmonitored. Manual intervention required:
  (a) verify A800 uptime/network; (b) add outbound SSH allowance in cloud env network
  policy; or (c) run shepherd directly on A800 via local cron.

[2026-05-25T00:02:24Z] SHEPHERD RUN — FAILED
Reason: A800 (117.74.66.181:50507) unreachable — TCP probe timed out (rc=11, EAGAIN/
  connection refused/timeout after 10s). ssh binary absent in container; no alternative
  transport (no sshpass, paramiko not attempted this run). This is a persistent, ongoing
  failure: 10+ consecutive failed shepherd runs spanning 2026-05-14 through 2026-05-25.
  Steps A/B/C/D/E all skipped — no state readable, no actions taken.
Actions taken: none (per protocol: unreachable host → log failure and exit).
Escalation: CRITICAL/ONGOING. Pipeline is unmonitored for 10+ days. Manual
  intervention required: (a) verify A800 uptime/network; (b) allow outbound TCP port
  50507 in cloud env network policy; or (c) relocate shepherd cron to A800 local cron
  or use a reverse-tunnel / jump-host approach.

[2026-05-25T08:06:03Z] SHEPHERD RUN — FAILED
Reason: A800 (117.74.66.181:50507) unreachable — TCP connection timed out (20s probe).
  sshpass + openssh-client installed in container; all network probes timed out.
  This is a persistent, ongoing failure: 11+ consecutive failed shepherd runs spanning
  2026-05-14 through 2026-05-25. Steps A/B/C/D/E all skipped — no state readable,
  no actions taken.
Actions taken: none (per protocol: unreachable host → log failure and exit).
Escalation: CRITICAL/ONGOING. Pipeline is unmonitored for 11+ days. Manual
  intervention required: (a) verify A800 uptime/network; (b) allow outbound TCP port
  50507 in cloud env network policy; or (c) relocate shepherd cron to A800 local cron
  or use a reverse-tunnel / jump-host approach.

[2026-05-25T08:06:47Z] SHEPHERD RUN — FAILED
Reason: A800 (117.74.66.181:50507) unreachable — TCP connection timed out (20s probe).
  sshpass + openssh-client installed in container; all network probes timed out.
  This is a persistent, ongoing failure: 11+ consecutive failed shepherd runs spanning
  2026-05-14 through 2026-05-25. Steps A/B/C/D/E all skipped — no state readable,
  no actions taken.
Actions taken: none (per protocol: unreachable host → log failure and exit).
Escalation: CRITICAL/ONGOING. Pipeline is unmonitored for 11+ days. Manual
  intervention required: (a) verify A800 uptime/network; (b) allow outbound TCP port
  50507 in cloud env network policy; or (c) relocate shepherd cron to A800 local cron
  or use a reverse-tunnel / jump-host approach.

[2026-05-25T16:06:33Z] SHEPHERD RUN — FAILED
Reason: A800 (117.74.66.181:50507) unreachable — TCP connection timed out (15s probe on port 50507; also tested ports 22, 2222, 50522 — all timed out).
  sshpass + openssh-client installed in container; all network probes timed out.
  This is a persistent, ongoing failure: 12+ consecutive failed shepherd runs spanning
  2026-05-14 through 2026-05-25. Steps A/B/C/D/E all skipped — no state readable,
  no actions taken.
Actions taken: none (per protocol: unreachable host → log failure and exit).
Escalation: CRITICAL/ONGOING. Pipeline is unmonitored for 12+ days. Manual
  intervention required: (a) verify A800 uptime/network; (b) allow outbound TCP port
  50507 in cloud env network policy; (c) relocate shepherd cron to A800 local cron;
  or (d) use a reverse-tunnel / jump-host / VPN approach so the container can reach A800.

[2026-05-26T00:00:00Z] SHEPHERD RUN — FAILED
Reason: A800 (117.74.66.181:50507) unreachable — TCP timeout on SSH port 50507 (also port 22 timed out). Port 80 reachable: host is alive but SSH is firewalled from this cloud egress.
  This is the 13th+ consecutive failed shepherd run (ongoing since 2026-05-14).
  sshpass + paramiko installed; all SSH probes timed out after 20s.
  Steps A/B/C/D/E: all skipped — no state readable, no actions taken.
Actions taken: none (per protocol: unreachable host → log failure and exit).
Local context (git checkout): 29 experiments queued in auto_research/pending_queue_update.py awaiting A800 connectivity restore. Latest ideas-2026-05-25.md present. No new local experiment results since last run.
Escalation: CRITICAL/ONGOING — 13+ days unmonitored. Required: (a) verify A800 SSH daemon on port 50507; (b) add outbound TCP 50507 allowlist in cloud env network policy; (c) move shepherd cron to A800-local cron; or (d) set up reverse-tunnel/jump-host.
